  x alabama             
  x          4032992
  0          2299994
  1          1669880
  2                0
  3                0
  4              118
  5              175
  6              758
  7                0
  8               22
  9               13
 10                0
 11              267
 12             6311
 13            30252
 14                0
 15                0
 16                0
 17              361
 18               67
 19                0
 20              245
 21              228
 22             2135
 23               19
 24               98
 25               42
 26              279
 27              172
 28             9740
 29              152
 30                0
 31                7
 32               32
 33                0
 34              203
 35               32
 36              348
 37              689
 38               32
 39              252
 40              118
 41               35
 42              224
 43                0
 44                0
 45              845
 46                0
 47             6337
 48              999
 49                0
 50                0
 51              581
 52                0
 53               81
 54               16
 55               73
 56                0
 57                0
 58                0
 59                0
 60                0
 61                0
 62                0
 63                0
 64                0
 65                0
 66                0
 67                0
 68                0
 69                0
 70                0
 71                0
 72                0
 73                0
 74                0
 75                0
 76                0
 77                0
 78                0
 79                0
 80                0
 81                0
 82                0
 83                0
 84                0
 85                0
 86                0
 87                0
 88                0
 89                0
 90                0
 91                0
 92                0
 93                0
 94                0
 95                0
 96                0
 97                0
 98              760
 99                0
