  x alaska              
  x           550696
  0           286591
  1                0
  2           262722
  3                0
  4               60
  5               99
  6              122
  7                0
  8                0
  9                0
 10                0
 11                0
 12                0
 13               23
 14                0
 15               61
 16               27
 17               11
 18                8
 19                0
 20                0
 21                7
 22                0
 23                0
 24                0
 25               19
 26                0
 27               27
 28               11
 29               22
 30                0
 31                0
 32               73
 33                0
 34                0
 35                0
 36               30
 37                8
 38                0
 39               15
 40               23
 41                8
 42                0
 43                0
 44                0
 45               12
 46                0
 47                7
 48               58
 49                0
 50                0
 51                8
 52                0
 53              426
 54                0
 55                0
 56                0
 57                0
 58                0
 59                0
 60                0
 61                0
 62                0
 63                0
 64                0
 65                0
 66                0
 67                0
 68                0
 69                0
 70                0
 71                0
 72                0
 73                0
 74                0
 75                0
 76                0
 77                0
 78                0
 79                0
 80                0
 81                0
 82                0
 83                0
 84                0
 85                0
 86                0
 87                0
 88                0
 89                0
 90                0
 91                0
 92                0
 93                0
 94                0
 95                0
 96                0
 97                0
 98              218
 99                0
