  x arizona             
  x          3652849
  0          2060434
  1               57
  2              111
  3                0
  4          1566055
  5               31
  6             7529
  7                0
  8              553
  9               44
 10                0
 11              137
 12              502
 13              257
 14                0
 15               46
 16              129
 17              659
 18              191
 19               79
 20              196
 21               73
 22                0
 23                0
 24              230
 25               99
 26              257
 27              181
 28               16
 29              337
 30                0
 31               90
 32             8186
 33                0
 34              139
 35             1555
 36              343
 37              106
 38               69
 39              308
 40               85
 41               71
 42              190
 43                0
 44               28
 45               72
 46              145
 47               51
 48              996
 49              449
 50                0
 51              104
 52                0
 53              121
 54                8
 55              137
 56              181
 57                0
 58                0
 59                0
 60                0
 61                0
 62                0
 63                0
 64                0
 65                0
 66                0
 67                0
 68                0
 69                0
 70                0
 71                0
 72                0
 73                0
 74                0
 75                0
 76                0
 77                0
 78                0
 79                0
 80                0
 81                0
 82                0
 83                0
 84                0
 85                0
 86                0
 87                0
 88                0
 89                0
 90                0
 91                0
 92                0
 93                0
 94                0
 95                0
 96                0
 97                0
 98             1212
 99                0
