  x arkansas            
  x          2344205
  0          1355487
  1              294
  2              107
  3                0
  4               32
  5           956486
  6              354
  7                0
  8               55
  9                0
 10                0
 11               28
 12              395
 13              260
 14                0
 15                0
 16                0
 17              312
 18               97
 19               51
 20              299
 21               78
 22             1574
 23                0
 24               90
 25                0
 26               97
 27               71
 28             1216
 29             2997
 30                7
 31               72
 32               29
 33                0
 34               47
 35               50
 36               42
 37               66
 38                0
 39               81
 40             2973
 41               57
 42               18
 43                0
 44                3
 45               65
 46               29
 47            10671
 48             9042
 49                0
 50                0
 51              191
 52                0
 53               22
 54                0
 55               50
 56                0
 57                0
 58                0
 59                0
 60                0
 61                0
 62                0
 63                0
 64                0
 65                0
 66                0
 67                0
 68                0
 69                0
 70                0
 71                0
 72                0
 73                0
 74                0
 75                0
 76                0
 77                0
 78                0
 79                0
 80                0
 81                0
 82                0
 83                0
 84                0
 85                0
 86                0
 87                0
 88                0
 89                0
 90                0
 91                0
 92                0
 93                0
 94                0
 95                0
 96                0
 97                0
 98              310
 99                0
