  x califo~1            
  x         29715727
  0         15806498
  1              319
  2              650
  3                0
  4             5099
  5              256
  6         13845907
  7                0
  8             1431
  9              256
 10               73
 11              743
 12             2235
 13             1006
 14                0
 15             1725
 16              296
 17             1340
 18              453
 19               99
 20              177
 21              338
 22              486
 23               83
 24              600
 25              879
 26              823
 27              408
 28              130
 29              760
 30              116
 31              283
 32            11509
 33              118
 34              886
 35              426
 36             3513
 37              471
 38               91
 39              806
 40              386
 41             2026
 42              587
 43                0
 44              162
 45              258
 46               41
 47              357
 48             3540
 49             1122
 50               19
 51             1097
 52                0
 53             2464
 54               84
 55              139
 56              112
 57                0
 58                0
 59                0
 60                0
 61                0
 62                0
 63                0
 64                0
 65                0
 66                0
 67                0
 68                0
 69                0
 70                0
 71                0
 72                0
 73                0
 74                0
 75                0
 76                0
 77                0
 78                0
 79                0
 80                0
 81                0
 82                0
 83                0
 84                0
 85                0
 86                0
 87                0
 88                0
 89                0
 90                0
 91                0
 92                0
 93                0
 94                0
 95                0
 96                0
 97                0
 98            12044
 99                0
