  x colorado            
  x          3282756
  0          1649976
  1              210
  2              312
  3                0
  4              987
  5               81
  6             2244
  7                0
  8          1615227
  9               21
 10               45
 11               39
 12              357
 13              168
 14                0
 15              129
 16              105
 17              849
 18              123
 19              207
 20              822
 21              138
 22               51
 23                0
 24               60
 25              153
 26               99
 27              207
 28               45
 29              246
 30              132
 31              867
 32              666
 33                0
 34              348
 35             1287
 36              528
 37              117
 38               72
 39              306
 40              303
 41              120
 42              114
 43                0
 44                0
 45               27
 46               57
 47              150
 48             1182
 49              753
 50                0
 51              297
 52                0
 53              342
 54                6
 55              174
 56             1182
 57                0
 58                0
 59                0
 60                0
 61                0
 62                0
 63                0
 64                0
 65                0
 66                0
 67                0
 68                0
 69                0
 70                0
 71                0
 72                0
 73                0
 74                0
 75                0
 76                0
 77                0
 78                0
 79                0
 80                0
 81                0
 82                0
 83                0
 84                0
 85                0
 86                0
 87                0
 88                0
 89                0
 90                0
 91                0
 92                0
 93                0
 94                0
 95                0
 96                0
 97                0
 98              825
 99                0
