  x connec~1            
  x          3282130
  0          1609151
  1               22
  2                0
  3                0
  4               72
  5               86
  6              603
  7                0
  8              123
  9          1592891
 10               33
 11              332
 12              663
 13              354
 14                0
 15               54
 16                0
 17              522
 18               95
 19               22
 20                0
 21               30
 22               72
 23               89
 24              501
 25            11942
 26               77
 27               68
 28               30
 29              135
 30                0
 31                0
 32               17
 33              259
 34             3220
 35               17
 36            54519
 37              181
 38                0
 39              179
 40               11
 41               23
 42              656
 43                0
 44             2945
 45               72
 46                0
 47              102
 48              463
 49                0
 50              173
 51              431
 52                0
 53               62
 54               25
 55               59
 56                0
 57                0
 58                0
 59                0
 60                0
 61                0
 62                0
 63                0
 64                0
 65                0
 66                0
 67                0
 68                0
 69                0
 70                0
 71                0
 72                0
 73                0
 74                0
 75                0
 76                0
 77                0
 78                0
 79                0
 80                0
 81                0
 82                0
 83                0
 84                0
 85                0
 86                0
 87                0
 88                0
 89                0
 90                0
 91                0
 92                0
 93                0
 94                0
 95                0
 96                0
 97                0
 98              749
 99                0
