  x dc                  
  x           609866
  0           303582
  1               17
  2                0
  3                0
  4                0
  5                0
  6              202
  7                0
  8                0
  9                9
 10               84
 11           236825
 12               22
 13               57
 14                0
 15                0
 16                0
 17               14
 18               67
 19                0
 20               36
 21               19
 22               15
 23               36
 24            37439
 25               77
 26                0
 27                0
 28               19
 29                0
 30                0
 31                0
 32                0
 33                0
 34               46
 35                0
 36              505
 37              156
 38                0
 39               82
 40                0
 41                0
 42              407
 43                0
 44                0
 45               14
 46                0
 47                0
 48               82
 49                0
 50                0
 51            29311
 52                0
 53              190
 54               57
 55               19
 56                0
 57                0
 58                0
 59                0
 60                0
 61                0
 62                0
 63                0
 64                0
 65                0
 66                0
 67                0
 68                0
 69                0
 70                0
 71                0
 72                0
 73                0
 74                0
 75                0
 76                0
 77                0
 78                0
 79                0
 80                0
 81                0
 82                0
 83                0
 84                0
 85                0
 86                0
 87                0
 88                0
 89                0
 90                0
 91                0
 92                0
 93                0
 94                0
 95                0
 96                0
 97                0
 98              477
 99                0
