  x deleware            
  x           661667
  0           327531
  1               20
  2                0
  3                0
  4                0
  5                0
  6              158
  7                0
  8                0
  9               83
 10           302176
 11              265
 12              115
 13               58
 14                0
 15                0
 16                0
 17              108
 18               41
 19                0
 20                0
 21                0
 22                0
 23                0
 24             9755
 25               36
 26               64
 27                0
 28                0
 29               19
 30                0
 31               22
 32                0
 33                0
 34             3524
 35                0
 36              440
 37               32
 38                0
 39               57
 40               19
 41                0
 42            16449
 43                0
 44                0
 45               64
 46                0
 47                0
 48               35
 49                0
 50               16
 51              357
 52                0
 53                0
 54                0
 55                0
 56                0
 57                0
 58                0
 59                0
 60                0
 61                0
 62                0
 63                0
 64                0
 65                0
 66                0
 67                0
 68                0
 69                0
 70                0
 71                0
 72                0
 73                0
 74                0
 75                0
 76                0
 77                0
 78                0
 79                0
 80                0
 81                0
 82                0
 83                0
 84                0
 85                0
 86                0
 87                0
 88                0
 89                0
 90                0
 91                0
 92                0
 93                0
 94                0
 95                0
 96                0
 97                0
 98              223
 99                0
