  x florida             
  x         12922903
  0          7132347
  1             8557
  2              139
  3                0
  4              243
  5              154
  6             2375
  7                0
  8              727
  9             1139
 10              200
 11              415
 12          5728391
 13             9681
 14                0
 15              103
 16                0
 17             2142
 18              778
 19              187
 20              108
 21              656
 22             1785
 23              226
 24             1111
 25             1441
 26             1636
 27              454
 28              441
 29              427
 30               17
 31               10
 32              227
 33              203
 34             2010
 35              119
 36             5596
 37             2052
 38               22
 39             1283
 40              310
 41               77
 42             1785
 43                0
 44              215
 45             1848
 46                0
 47             1115
 48             2467
 49               75
 50               24
 51             2216
 52                0
 53              219
 54              315
 55              456
 56                0
 57                0
 58                0
 59                0
 60                0
 61                0
 62                0
 63                0
 64                0
 65                0
 66                0
 67                0
 68                0
 69                0
 70                0
 71                0
 72                0
 73                0
 74                0
 75                0
 76                0
 77                0
 78                0
 79                0
 80                0
 81                0
 82                0
 83                0
 84                0
 85                0
 86                0
 87                0
 88                0
 89                0
 90                0
 91                0
 92                0
 93                0
 94                0
 95                0
 96                0
 97                0
 98             4379
 99                0
