  x georgia             
  x          6466023
  0          3356359
  1             8322
  2               45
  3                0
  4              101
  5              124
  6             1594
  7                0
  8              363
  9               70
 10                0
 11              328
 12             8332
 13          3033833
 14                0
 15               39
 16               28
 17              628
 18              204
 19               89
 20              156
 21              407
 22              435
 23               67
 24              659
 25              230
 26              443
 27              188
 28              444
 29              355
 30                0
 31               92
 32               42
 33               90
 34              440
 35                0
 36             1071
 37             2958
 38                0
 39              663
 40              149
 41               36
 42              489
 43                0
 44               31
 45            17853
 46               58
 47            23865
 48             1206
 49               81
 50               14
 51             1090
 52                0
 53              106
 54               63
 55              209
 56                0
 57                0
 58                0
 59                0
 60                0
 61                0
 62                0
 63                0
 64                0
 65                0
 66                0
 67                0
 68                0
 69                0
 70                0
 71                0
 72                0
 73                0
 74                0
 75                0
 76                0
 77                0
 78                0
 79                0
 80                0
 81                0
 82                0
 83                0
 84                0
 85                0
 86                0
 87                0
 88                0
 89                0
 90                0
 91                0
 92                0
 93                0
 94                0
 95                0
 96                0
 97                0
 98             1574
 99                0
