  x hawaii              
  x          1104668
  0           540368
  1               59
  2               25
  3                0
  4              142
  5                0
  6             1464
  7                0
  8               25
  9                0
 10                0
 11               50
 12               23
 13              100
 14                0
 15           560335
 16                0
 17               62
 18               34
 19                0
 20                0
 21                0
 22               25
 23                0
 24               17
 25               17
 26               36
 27                0
 28               31
 29               31
 30                8
 31                0
 32               47
 33                0
 34               84
 35                0
 36               44
 37               34
 38                0
 39               33
 40                8
 41               22
 42                0
 43                0
 44               16
 45                0
 46                0
 47                0
 48               70
 49                0
 50                0
 51               42
 52                0
 53               83
 54                0
 55                0
 56                0
 57                0
 58                0
 59                0
 60                0
 61                0
 62                0
 63                0
 64                0
 65                0
 66                0
 67                0
 68                0
 69                0
 70                0
 71                0
 72                0
 73                0
 74                0
 75                0
 76                0
 77                0
 78                0
 79                0
 80                0
 81                0
 82                0
 83                0
 84                0
 85                0
 86                0
 87                0
 88                0
 89                0
 90                0
 91                0
 92                0
 93                0
 94                0
 95                0
 96                0
 97                0
 98             1333
 99                0
