  x idaho               
  x           990916
  0           557000
  1                0
  2              268
  3                0
  4               56
  5                0
  6              928
  7                0
  8               64
  9                0
 10               20
 11               36
 12               28
 13               32
 14                0
 15               40
 16           416600
 17               56
 18               12
 19                0
 20                8
 21                0
 22                0
 23                0
 24                0
 25               32
 26               48
 27               16
 28                0
 29                4
 30              336
 31               32
 32              724
 33                0
 34               40
 35               96
 36               44
 37                8
 38                0
 39               24
 40                0
 41             3244
 42               32
 43                0
 44               24
 45                0
 46                0
 47                0
 48              116
 49             1792
 50                0
 51                0
 52                0
 53             8072
 54                0
 55               20
 56             1008
 57                0
 58                0
 59                0
 60                0
 61                0
 62                0
 63                0
 64                0
 65                0
 66                0
 67                0
 68                0
 69                0
 70                0
 71                0
 72                0
 73                0
 74                0
 75                0
 76                0
 77                0
 78                0
 79                0
 80                0
 81                0
 82                0
 83                0
 84                0
 85                0
 86                0
 87                0
 88                0
 89                0
 90                0
 91                0
 92                0
 93                0
 94                0
 95                0
 96                0
 97                0
 98               56
 99                0
