  x illinois            
  x         11393796
  0          6058554
  1              270
  2               27
  3                0
  4              465
  5              255
  6             2136
  7                0
  8              285
  9              345
 10               93
 11              438
 12             1317
 13              780
 14                0
 15              192
 16               93
 17          5180802
 18            21624
 19            22707
 20              369
 21             2646
 22              429
 23               75
 24              267
 25              399
 26             1932
 27             1002
 28              258
 29            76875
 30                6
 31              219
 32              117
 33               42
 34              660
 35               39
 36             1251
 37              516
 38              105
 39             1620
 40              189
 41               87
 42              717
 43                0
 44              132
 45              240
 46               21
 47              681
 48              948
 49               12
 50               15
 51              471
 52                0
 53              189
 54               57
 55             9378
 56                0
 57                0
 58                0
 59                0
 60                0
 61                0
 62                0
 63                0
 64                0
 65                0
 66                0
 67                0
 68                0
 69                0
 70                0
 71                0
 72                0
 73                0
 74                0
 75                0
 76                0
 77                0
 78                0
 79                0
 80                0
 81                0
 82                0
 83                0
 84                0
 85                0
 86                0
 87                0
 88                0
 89                0
 90                0
 91                0
 92                0
 93                0
 94                0
 95                0
 96                0
 97                0
 98             1449
 99                0
