  x indiana             
  x          5548329
  0          2965742
  1              213
  2               74
  3                0
  4              206
  5              107
  6              618
  7                0
  8               77
  9               93
 10               28
 11              114
 12              856
 13              299
 14                0
 15               37
 16               16
 17            52308
 18          2457406
 19              194
 20              196
 21            39681
 22               82
 23                0
 24              111
 25              154
 26             6400
 27              172
 28              118
 29              248
 30                0
 31               41
 32              100
 33                0
 34              361
 35               16
 36              405
 37              269
 38                0
 39            18508
 40               55
 41               19
 42              415
 43                0
 44               16
 45              142
 46                0
 47              510
 48              593
 49               68
 50                0
 51              420
 52                0
 53              113
 54                3
 55              210
 56               23
 57                0
 58                0
 59                0
 60                0
 61                0
 62                0
 63                0
 64                0
 65                0
 66                0
 67                0
 68                0
 69                0
 70                0
 71                0
 72                0
 73                0
 74                0
 75                0
 76                0
 77                0
 78                0
 79                0
 80                0
 81                0
 82                0
 83                0
 84                0
 85                0
 86                0
 87                0
 88                0
 89                0
 90                0
 91                0
 92                0
 93                0
 94                0
 95                0
 96                0
 97                0
 98              492
 99                0
