  x iowa                
  x          2766658
  0          1449735
  1               47
  2                8
  3                0
  4              103
  5               18
  6              378
  7                0
  8              105
  9                0
 10                0
 11               26
 12               68
 13               81
 14                0
 15               29
 16                0
 17            20249
 18              204
 19          1260120
 20              332
 21               84
 22               21
 23                0
 24               25
 25                8
 26               68
 27             3285
 28               60
 29             1100
 30                0
 31            25955
 32                0
 33                0
 34               83
 35                0
 36              206
 37               69
 38               12
 39              188
 40              100
 41                0
 42               75
 43                0
 44                0
 45               50
 46             1726
 47              150
 48              315
 49               34
 50                0
 51               37
 52                0
 53               51
 54                8
 55             1241
 56                0
 57                0
 58                0
 59                0
 60                0
 61                0
 62                0
 63                0
 64                0
 65                0
 66                0
 67                0
 68                0
 69                0
 70                0
 71                0
 72                0
 73                0
 74                0
 75                0
 76                0
 77                0
 78                0
 79                0
 80                0
 81                0
 82                0
 83                0
 84                0
 85                0
 86                0
 87                0
 88                0
 89                0
 90                0
 91                0
 92                0
 93                0
 94                0
 95                0
 96                0
 97                0
 98              204
 99                0
