  x kansas              
  x          2471342
  0          1296974
  1               99
  2                0
  3                0
  4              188
  5              320
  6              337
  7                0
  8              450
  9               94
 10                0
 11               26
 12              107
 13              159
 14                0
 15               40
 16               22
 17              385
 18              208
 19              327
 20          1085242
 21               98
 22               50
 23                0
 24              128
 25                0
 26               51
 27              184
 28               43
 29            79508
 30                0
 31             1296
 32               97
 33                7
 34               72
 35               36
 36               75
 37              191
 38               58
 39               47
 40             2511
 41               64
 42               55
 43                0
 44                0
 45               51
 46               39
 47               57
 48              948
 49               39
 50                0
 51              172
 52                0
 53               80
 54               25
 55              161
 56                7
 57                0
 58                0
 59                0
 60                0
 61                0
 62                0
 63                0
 64                0
 65                0
 66                0
 67                0
 68                0
 69                0
 70                0
 71                0
 72                0
 73                0
 74                0
 75                0
 76                0
 77                0
 78                0
 79                0
 80                0
 81                0
 82                0
 83                0
 84                0
 85                0
 86                0
 87                0
 88                0
 89                0
 90                0
 91                0
 92                0
 93                0
 94                0
 95                0
 96                0
 97                0
 98              214
 99                0
