  x kentucky            
  x          3667395
  0          2107119
  1              465
  2                0
  3                0
  4               90
  5              186
  6              550
  7                0
  8              364
  9                0
 10               21
 11              100
 12              775
 13              657
 14                0
 15               42
 16                0
 17             2206
 18            19545
 19               91
 20              101
 21          1455109
 22              128
 23                0
 24              140
 25               36
 26              247
 27               79
 28              101
 29              604
 30                0
 31                0
 32               72
 33               18
 34              122
 35                0
 36              202
 37              419
 38                0
 39            57668
 40               75
 41                0
 42              302
 43                0
 44               65
 45              222
 46                0
 47            11897
 48              449
 49               79
 50                0
 51             1630
 52                0
 53               49
 54             4664
 55              215
 56                7
 57                0
 58                0
 59                0
 60                0
 61                0
 62                0
 63                0
 64                0
 65                0
 66                0
 67                0
 68                0
 69                0
 70                0
 71                0
 72                0
 73                0
 74                0
 75                0
 76                0
 77                0
 78                0
 79                0
 80                0
 81                0
 82                0
 83                0
 84                0
 85                0
 86                0
 87                0
 88                0
 89                0
 90                0
 91                0
 92                0
 93                0
 94                0
 95                0
 96                0
 97                0
 98              484
 99                0
