  x louisi~1            
  x          4188408
  0          2563518
  1             1254
  2              126
  3                0
  4              141
  5             4014
  6              936
  7                0
  8              189
  9              126
 10                0
 11               84
 12              981
 13              504
 14                0
 15              117
 16                0
 17              327
 18              114
 19               27
 20                0
 21              135
 22          1592430
 23               18
 24               63
 25               75
 26              162
 27               54
 28             7245
 29              327
 30               24
 31               93
 32               69
 33               27
 34               96
 35                0
 36              744
 37              294
 38                0
 39              168
 40              180
 41               42
 42               87
 43                0
 44                0
 45              171
 46                0
 47              456
 48            11211
 49                6
 50                0
 51              261
 52                0
 53               93
 54               15
 55               75
 56               33
 57                0
 58                0
 59                0
 60                0
 61                0
 62                0
 63                0
 64                0
 65                0
 66                0
 67                0
 68                0
 69                0
 70                0
 71                0
 72                0
 73                0
 74                0
 75                0
 76                0
 77                0
 78                0
 79                0
 80                0
 81                0
 82                0
 83                0
 84                0
 85                0
 86                0
 87                0
 88                0
 89                0
 90                0
 91                0
 92                0
 93                0
 94                0
 95                0
 96                0
 97                0
 98             1296
 99                0
