  x maine               
  x          1226904
  0           653357
  1                0
  2               88
  3                0
  4                0
  5                8
  6               69
  7                0
  8                9
  9              251
 10                0
 11               13
 12              235
 13              106
 14                0
 15               26
 16                0
 17               31
 18               26
 19                0
 20                0
 21                0
 22               82
 23           555308
 24               53
 25             2405
 26               21
 27               61
 28                0
 29               22
 30               18
 31                0
 32                0
 33            12967
 34              274
 35                0
 36              375
 37                9
 38                0
 39               36
 40                0
 41                0
 42              124
 43                0
 44               82
 45               44
 46                0
 47                0
 48              177
 49                0
 50              176
 51              114
 52                0
 53               66
 54                0
 55                0
 56                0
 57                0
 58                0
 59                0
 60                0
 61                0
 62                0
 63                0
 64                0
 65                0
 66                0
 67                0
 68                0
 69                0
 70                0
 71                0
 72                0
 73                0
 74                0
 75                0
 76                0
 77                0
 78                0
 79                0
 80                0
 81                0
 82                0
 83                0
 84                0
 85                0
 86                0
 87                0
 88                0
 89                0
 90                0
 91                0
 92                0
 93                0
 94                0
 95                0
 96                0
 97                0
 98              271
 99                0
