  x maryland            
  x          4780796
  0          2304040
  1              272
  2               26
  3                0
  4              107
  5               14
  6              922
  7                0
  8              199
  9              174
 10            18852
 11           290836
 12             1080
 13              525
 14                0
 15              101
 16               14
 17              380
 18              111
 19               20
 20               40
 21               92
 22              103
 23              104
 24          2046451
 25              289
 26              300
 27              131
 28               48
 29              108
 30                0
 31               80
 32               31
 33               73
 34             1710
 35               17
 36             1568
 37              697
 38                0
 39              213
 40               29
 41               93
 42             9756
 43                0
 44               45
 45              284
 46                0
 47              174
 48              501
 49               51
 50               73
 51            94756
 52                0
 53              121
 54             3931
 55              147
 56                0
 57                0
 58                0
 59                0
 60                0
 61                0
 62                0
 63                0
 64                0
 65                0
 66                0
 67                0
 68                0
 69                0
 70                0
 71                0
 72                0
 73                0
 74                0
 75                0
 76                0
 77                0
 78                0
 79                0
 80                0
 81                0
 82                0
 83                0
 84                0
 85                0
 86                0
 87                0
 88                0
 89                0
 90                0
 91                0
 92                0
 93                0
 94                0
 95                0
 96                0
 97                0
 98             1107
 99                0
