  x massac~1            
  x          6015898
  0          3031218
  1              283
  2                0
  3                0
  4              168
  5                0
  6             1104
  7                0
  8              272
  9            27399
 10               31
 11              473
 12             1025
 13              269
 14                0
 15               67
 16                0
 17              341
 18              102
 19                0
 20               18
 21              117
 22              128
 23             1484
 24              516
 25          2891207
 26              131
 27              122
 28               46
 29              120
 30                0
 31                0
 32               40
 33            18364
 34             1059
 35               21
 36             4911
 37              368
 38                0
 39              335
 40               16
 41               39
 42              702
 43                0
 44            29042
 45              221
 46                0
 47               93
 48              706
 49               23
 50             1496
 51              601
 52                0
 53               69
 54                0
 55               57
 56               21
 57                0
 58                0
 59                0
 60                0
 61                0
 62                0
 63                0
 64                0
 65                0
 66                0
 67                0
 68                0
 69                0
 70                0
 71                0
 72                0
 73                0
 74                0
 75                0
 76                0
 77                0
 78                0
 79                0
 80                0
 81                0
 82                0
 83                0
 84                0
 85                0
 86                0
 87                0
 88                0
 89                0
 90                0
 91                0
 92                0
 93                0
 94                0
 95                0
 96                0
 97                0
 98             1073
 99                0
