  x michigan            
  x          9284810
  0          5196906
  1              220
  2               87
  3                0
  4              314
  5               83
  6             1572
  7                0
  8              129
  9              121
 10               38
 11              268
 12             1421
 13              387
 14                0
 15              110
 16               45
 17             3487
 18            20228
 19              123
 20              151
 21              326
 22               57
 23                0
 24              235
 25              241
 26          4025505
 27              624
 28               43
 29              409
 30                0
 31              118
 32               56
 33                0
 34              337
 35               49
 36              835
 37              328
 38               27
 39            20259
 40              117
 41               38
 42              507
 43                0
 44               54
 45              228
 46                0
 47              547
 48              893
 49               35
 50               20
 51              411
 52                0
 53              161
 54               42
 55             5155
 56               15
 57                0
 58                0
 59                0
 60                0
 61                0
 62                0
 63                0
 64                0
 65                0
 66                0
 67                0
 68                0
 69                0
 70                0
 71                0
 72                0
 73                0
 74                0
 75                0
 76                0
 77                0
 78                0
 79                0
 80                0
 81                0
 82                0
 83                0
 84                0
 85                0
 86                0
 87                0
 88                0
 89                0
 90                0
 91                0
 92                0
 93                0
 94                0
 95                0
 96                0
 97                0
 98             1448
 99                0
