  x minnes~1            
  x          4366568
  0          2207656
  1              123
  2                0
  3                0
  4              119
  5               55
  6              922
  7                0
  8              215
  9               61
 10                0
 11               46
 12              608
 13               88
 14                0
 15               36
 16                0
 17             1498
 18               65
 19             2601
 20               97
 21              128
 22               32
 23                0
 24                9
 25              199
 26              462
 27          2120206
 28               23
 29              347
 30              102
 31              256
 32               78
 33                9
 34               89
 35              119
 36              380
 37              110
 38            15425
 39              206
 40               37
 41              106
 42              368
 43                0
 44                0
 45              116
 46             1785
 47               41
 48              370
 49              105
 50                0
 51              170
 52                0
 53              162
 54                9
 55            10361
 56               83
 57                0
 58                0
 59                0
 60                0
 61                0
 62                0
 63                0
 64                0
 65                0
 66                0
 67                0
 68                0
 69                0
 70                0
 71                0
 72                0
 73                0
 74                0
 75                0
 76                0
 77                0
 78                0
 79                0
 80                0
 81                0
 82                0
 83                0
 84                0
 85                0
 86                0
 87                0
 88                0
 89                0
 90                0
 91                0
 92                0
 93                0
 94                0
 95                0
 96                0
 97                0
 98              485
 99                0
