  x missis~1            
  x          2560194
  0          1537800
  1             7152
  2               90
  3                0
  4              165
  5              747
  6              225
  7                0
  8               39
  9                9
 10                0
 11               81
 12              666
 13              747
 14                0
 15               45
 16                0
 17              384
 18              123
 19               33
 20               45
 21              138
 22            15159
 23               42
 24               21
 25               42
 26               69
 27               75
 28           961746
 29              180
 30                0
 31                0
 32                6
 33                0
 34               33
 35               42
 36              138
 37              342
 38                0
 39               72
 40               90
 41               30
 42               42
 43                0
 44               27
 45              288
 46                0
 47            29922
 48             2340
 49               27
 50                0
 51              147
 52                0
 53               33
 54               30
 55               90
 56                0
 57                0
 58                0
 59                0
 60                0
 61                0
 62                0
 63                0
 64                0
 65                0
 66                0
 67                0
 68                0
 69                0
 70                0
 71                0
 72                0
 73                0
 74                0
 75                0
 76                0
 77                0
 78                0
 79                0
 80                0
 81                0
 82                0
 83                0
 84                0
 85                0
 86                0
 87                0
 88                0
 89                0
 90                0
 91                0
 92                0
 93                0
 94                0
 95                0
 96                0
 97                0
 98              672
 99                0
