  x missouri            
  x          5101921
  0          2763262
  1              201
  2               24
  3                0
  4              144
  5             6516
  6              976
  7                0
  8              289
  9              130
 10                0
 11              173
 12              445
 13              285
 14                0
 15               61
 16                0
 17            18813
 18              434
 19             3718
 20            71061
 21              627
 22              287
 23               92
 24              108
 25               79
 26              359
 27              343
 28               99
 29          2225682
 30               24
 31              670
 32               58
 33               37
 34              256
 35               51
 36              315
 37              133
 38              105
 39              480
 40             1016
 41               27
 42              434
 43                0
 44                7
 45              166
 46                0
 47              878
 48             1484
 49               27
 50                0
 51              241
 52                0
 53              114
 54                0
 55              318
 56               31
 57                0
 58                0
 59                0
 60                0
 61                0
 62                0
 63                0
 64                0
 65                0
 66                0
 67                0
 68                0
 69                0
 70                0
 71                0
 72                0
 73                0
 74                0
 75                0
 76                0
 77                0
 78                0
 79                0
 80                0
 81                0
 82                0
 83                0
 84                0
 85                0
 86                0
 87                0
 88                0
 89                0
 90                0
 91                0
 92                0
 93                0
 94                0
 95                0
 96                0
 97                0
 98              841
 99                0
