  x montana             
  x           796317
  0           446885
  1               27
  2              171
  3                0
  4              201
  5                0
  6              602
  7                0
  8               34
  9               23
 10                0
 11               22
 12               58
 13              105
 14                0
 15                0
 16              353
 17               29
 18                0
 19                0
 20               38
 21               69
 22                0
 23                0
 24                0
 25               38
 26                0
 27               88
 28                0
 29               16
 30           345041
 31                0
 32               71
 33                0
 34               23
 35                0
 36               15
 37               26
 38              415
 39               12
 40               23
 41              224
 42               46
 43                0
 44                0
 45               20
 46              152
 47                0
 48               44
 49              205
 50                0
 51                0
 52                0
 53              637
 54                0
 55               65
 56              474
 57                0
 58                0
 59                0
 60                0
 61                0
 62                0
 63                0
 64                0
 65                0
 66                0
 67                0
 68                0
 69                0
 70                0
 71                0
 72                0
 73                0
 74                0
 75                0
 76                0
 77                0
 78                0
 79                0
 80                0
 81                0
 82                0
 83                0
 84                0
 85                0
 86                0
 87                0
 88                0
 89                0
 90                0
 91                0
 92                0
 93                0
 94                0
 95                0
 96                0
 97                0
 98               65
 99                0
