  x nebraska            
  x          1578049
  0           803789
  1              168
  2                8
  3                0
  4               68
  5               17
  6              452
  7                0
  8              548
  9                0
 10                0
 11                8
 12               54
 13               64
 14                0
 15               21
 16                0
 17              262
 18               30
 19            11064
 20             1139
 21                8
 22                0
 23                0
 24                0
 25               50
 26                0
 27               69
 28               59
 29              619
 30                0
 31           755943
 32               13
 33                0
 34               29
 35                0
 36              111
 37                0
 38                8
 39               41
 40              113
 41                0
 42              109
 43                0
 44                0
 45               47
 46             1787
 47                0
 48              204
 49              193
 50                0
 51               50
 52                0
 53                0
 54                0
 55              132
 56              517
 57                0
 58                0
 59                0
 60                0
 61                0
 62                0
 63                0
 64                0
 65                0
 66                0
 67                0
 68                0
 69                0
 70                0
 71                0
 72                0
 73                0
 74                0
 75                0
 76                0
 77                0
 78                0
 79                0
 80                0
 81                0
 82                0
 83                0
 84                0
 85                0
 86                0
 87                0
 88                0
 89                0
 90                0
 91                0
 92                0
 93                0
 94                0
 95                0
 96                0
 97                0
 98              255
 99                0
