  x nevada              
  x          1195956
  0           595440
  1                0
  2               70
  3                0
  4              456
  5                0
  6             4686
  7                0
  8              227
  9                0
 10               21
 11               13
 12              122
 13               42
 14                0
 15               23
 16              168
 17              164
 18                0
 19                0
 20                0
 21               24
 22               23
 23                0
 24                0
 25                0
 26               16
 27               24
 28               24
 29               63
 30               66
 31               24
 32           592906
 33                0
 34               38
 35               68
 36              150
 37               21
 38                0
 39               78
 40               31
 41               86
 42               18
 43                0
 44                8
 45                0
 46                0
 47               39
 48              127
 49              215
 50                0
 51              101
 52                0
 53               88
 54                0
 55               44
 56               68
 57                0
 58                0
 59                0
 60                0
 61                0
 62                0
 63                0
 64                0
 65                0
 66                0
 67                0
 68                0
 69                0
 70                0
 71                0
 72                0
 73                0
 74                0
 75                0
 76                0
 77                0
 78                0
 79                0
 80                0
 81                0
 82                0
 83                0
 84                0
 85                0
 86                0
 87                0
 88                0
 89                0
 90                0
 91                0
 92                0
 93                0
 94                0
 95                0
 96                0
 97                0
 98              174
 99                0
