  x new-je~1            
  x          7698998
  0          3899647
  1              166
  2               37
  3                0
  4              149
  5                0
  6             1282
  7                0
  8              175
  9             2500
 10             6753
 11              694
 12             1353
 13              569
 14                0
 15               83
 16               38
 17              683
 18              206
 19               26
 20               68
 21               72
 22               86
 23               58
 24             1428
 25             1041
 26              349
 27              125
 28               46
 29              149
 30                0
 31               18
 32               81
 33              116
 34          3353084
 35               66
 36           308153
 37              504
 38                0
 39              637
 40               32
 41               65
 42           113662
 43                0
 44              180
 45              284
 46                0
 47              335
 48              719
 49               66
 50              116
 51             1194
 52                0
 53               89
 54               55
 55              108
 56               19
 57                0
 58                0
 59                0
 60                0
 61                0
 62                0
 63                0
 64                0
 65                0
 66                0
 67                0
 68                0
 69                0
 70                0
 71                0
 72                0
 73                0
 74                0
 75                0
 76                0
 77                0
 78                0
 79                0
 80                0
 81                0
 82                0
 83                0
 84                0
 85                0
 86                0
 87                0
 88                0
 89                0
 90                0
 91                0
 92                0
 93                0
 94                0
 95                0
 96                0
 97                0
 98             1632
 99                0
