  x new-york            
  x         17919274
  0          9723449
  1              256
  2              135
  3                0
  4              393
  5               52
  6             2970
  7                0
  8              355
  9            30718
 10              287
 11             1278
 12             3118
 13              738
 14                0
 15               88
 16               44
 17             1234
 18              293
 19               44
 20               53
 21              194
 22              235
 23              278
 24             1025
 25             6410
 26              576
 27              131
 28               65
 29              422
 30                0
 31                6
 32              171
 33              297
 34           125381
 35               59
 36          7992613
 37              982
 38               45
 39             1259
 40              101
 41              118
 42            10721
 43                0
 44              501
 45              457
 46                0
 47              561
 48             1147
 49               94
 50             3755
 51             1635
 52                0
 53              297
 54              124
 55              327
 56               62
 57                0
 58                0
 59                0
 60                0
 61                0
 62                0
 63                0
 64                0
 65                0
 66                0
 67                0
 68                0
 69                0
 70                0
 71                0
 72                0
 73                0
 74                0
 75                0
 76                0
 77                0
 78                0
 79                0
 80                0
 81                0
 82                0
 83                0
 84                0
 85                0
 86                0
 87                0
 88                0
 89                0
 90                0
 91                0
 92                0
 93                0
 94                0
 95                0
 96                0
 97                0
 98             3720
 99                0
