  x new-ha~1            
  x          1104242
  0           539361
  1                7
  2               34
  3                0
  4              108
  5                0
  6              192
  7                0
  8               27
  9              689
 10               28
 11               35
 12              220
 13               95
 14                0
 15                0
 16                0
 17               78
 18               24
 19                0
 20                0
 21              129
 22                7
 23             8208
 24               95
 25            75051
 26               40
 27               78
 28               34
 29                7
 30                0
 31                0
 32               54
 33           469770
 34              260
 35                0
 36              736
 37               61
 38                0
 39              120
 40                7
 41                7
 42              132
 43                0
 44              524
 45               85
 46                0
 47               40
 48               47
 49                7
 50             7414
 51              134
 52                0
 53                0
 54               27
 55                0
 56                0
 57                0
 58                0
 59                0
 60                0
 61                0
 62                0
 63                0
 64                0
 65                0
 66                0
 67                0
 68                0
 69                0
 70                0
 71                0
 72                0
 73                0
 74                0
 75                0
 76                0
 77                0
 78                0
 79                0
 80                0
 81                0
 82                0
 83                0
 84                0
 85                0
 86                0
 87                0
 88                0
 89                0
 90                0
 91                0
 92                0
 93                0
 94                0
 95                0
 96                0
 97                0
 98              270
 99                0
