  x new-me~1            
  x          1507146
  0           876153
  1               42
  2               90
  3                0
  4             2835
  5               30
  6              606
  7                0
  8              774
  9                9
 10               18
 11              117
 12              120
 13              111
 14                0
 15               60
 16               33
 17              126
 18                0
 19               15
 20               90
 21               63
 22               21
 23                0
 24               90
 25               87
 26               36
 27               24
 28               24
 29               69
 30               51
 31              168
 32              213
 33                0
 34               36
 35           614664
 36              126
 37               18
 38                0
 39               45
 40              240
 41               18
 42              150
 43                0
 44               21
 45                0
 46               15
 47                0
 48             9030
 49              126
 50                0
 51               27
 52                0
 53               33
 54                0
 55               27
 56               33
 57                0
 58                0
 59                0
 60                0
 61                0
 62                0
 63                0
 64                0
 65                0
 66                0
 67                0
 68                0
 69                0
 70                0
 71                0
 72                0
 73                0
 74                0
 75                0
 76                0
 77                0
 78                0
 79                0
 80                0
 81                0
 82                0
 83                0
 84                0
 85                0
 86                0
 87                0
 88                0
 89                0
 90                0
 91                0
 92                0
 93                0
 94                0
 95                0
 96                0
 97                0
 98              462
 99                0
