  x north-~2            
  x           635095
  0           340720
  1               35
  2              100
  3                0
  4               75
  5                0
  6               30
  7                0
  8              135
  9                0
 10                0
 11                0
 12               10
 13                0
 14                0
 15                0
 16                0
 17              135
 18               10
 19               45
 20               25
 21               10
 22                0
 23                0
 24                0
 25               60
 26               60
 27             8560
 28                0
 29               30
 30              305
 31               70
 32                0
 33                0
 34                0
 35                0
 36               40
 37                0
 38           283510
 39               35
 40               65
 41               30
 42               30
 43                0
 44                0
 45                0
 46              670
 47                0
 48               55
 49               25
 50                0
 51               40
 52                0
 53               10
 54                0
 55              100
 56                5
 57                0
 58                0
 59                0
 60                0
 61                0
 62                0
 63                0
 64                0
 65                0
 66                0
 67                0
 68                0
 69                0
 70                0
 71                0
 72                0
 73                0
 74                0
 75                0
 76                0
 77                0
 78                0
 79                0
 80                0
 81                0
 82                0
 83                0
 84                0
 85                0
 86                0
 87                0
 88                0
 89                0
 90                0
 91                0
 92                0
 93                0
 94                0
 95                0
 96                0
 97                0
 98               65
 99                0
