  x north-~1            
  x          6612198
  0          3321672
  1              483
  2                6
  3                0
  4              192
  5              126
  6              972
  7                0
  8              156
  9               93
 10              186
 11              342
 12             1734
 13             3960
 14                0
 15              114
 16                9
 17              390
 18              234
 19              129
 20               39
 21              270
 22              201
 23               27
 24              882
 25              198
 26              174
 27              105
 28              210
 29              141
 30                0
 31               69
 32               12
 33               45
 34              858
 35                0
 36             1122
 37          3230625
 38               33
 39              657
 40              195
 41                0
 42              723
 43                0
 44               12
 45            18963
 46                0
 47             1863
 48              666
 49               66
 50               24
 51            21042
 52                0
 53              129
 54              246
 55              144
 56                0
 57                0
 58                0
 59                0
 60                0
 61                0
 62                0
 63                0
 64                0
 65                0
 66                0
 67                0
 68                0
 69                0
 70                0
 71                0
 72                0
 73                0
 74                0
 75                0
 76                0
 77                0
 78                0
 79                0
 80                0
 81                0
 82                0
 83                0
 84                0
 85                0
 86                0
 87                0
 88                0
 89                0
 90                0
 91                0
 92                0
 93                0
 94                0
 95                0
 96                0
 97                0
 98             1659
 99                0
