  x ohio                
  x         10832284
  0          6001391
  1              368
  2               35
  3                0
  4              281
  5              116
  6             1352
  7                0
  8              367
  9              275
 10               67
 11              360
 12             1677
 13              722
 14                0
 15               41
 16                0
 17             1922
 18            14140
 19              151
 20              286
 21            23921
 22              122
 23                0
 24              615
 25              492
 26             9301
 27              446
 28               98
 29              532
 30               39
 31              135
 32               38
 33               22
 34              879
 35                6
 36             1324
 37              780
 38               71
 39          4722080
 40              102
 41               41
 42            12137
 43                0
 44               71
 45              378
 46               23
 47              931
 48             1036
 49              128
 50                3
 51              827
 52                0
 53               79
 54            30303
 55              528
 56                0
 57                0
 58                0
 59                0
 60                0
 61                0
 62                0
 63                0
 64                0
 65                0
 66                0
 67                0
 68                0
 69                0
 70                0
 71                0
 72                0
 73                0
 74                0
 75                0
 76                0
 77                0
 78                0
 79                0
 80                0
 81                0
 82                0
 83                0
 84                0
 85                0
 86                0
 87                0
 88                0
 89                0
 90                0
 91                0
 92                0
 93                0
 94                0
 95                0
 96                0
 97                0
 98             1245
 99                0
