  x oklahoma            
  x          3137119
  0          1768425
  1              296
  2               83
  3                0
  4               78
  5            16513
  6              768
  7                0
  8              205
  9               68
 10                0
 11               51
 12              194
 13              394
 14                0
 15               78
 16               20
 17              201
 18              151
 19              134
 20             4783
 21              181
 22              318
 23               28
 24               24
 25                0
 26              133
 27              204
 28              197
 29             3068
 30                0
 31              253
 32              157
 33               34
 34               89
 35              299
 36              116
 37              109
 38               37
 39              251
 40          1328114
 41               37
 42              140
 43                0
 44               21
 45               66
 46               27
 47              205
 48             9587
 49               45
 50                0
 51              224
 52                0
 53               24
 54               28
 55               95
 56                0
 57                0
 58                0
 59                0
 60                0
 61                0
 62                0
 63                0
 64                0
 65                0
 66                0
 67                0
 68                0
 69                0
 70                0
 71                0
 72                0
 73                0
 74                0
 75                0
 76                0
 77                0
 78                0
 79                0
 80                0
 81                0
 82                0
 83                0
 84                0
 85                0
 86                0
 87                0
 88                0
 89                0
 90                0
 91                0
 92                0
 93                0
 94                0
 95                0
 96                0
 97                0
 98              566
 99                0
