  x oregon              
  x          2832819
  0          1538425
  1                0
  2              784
  3                0
  4              285
  5               41
  6             4252
  7                0
  8              131
  9                0
 10                0
 11               51
 12                7
 13              144
 14                0
 15              236
 16             1670
 17                0
 18               20
 19               61
 20               31
 21               13
 22                0
 23                0
 24               48
 25                0
 26               39
 27               54
 28               16
 29               73
 30              101
 31                0
 32              116
 33                0
 34               22
 35               19
 36              200
 37               77
 38               64
 39                0
 40               54
 41          1266489
 42              103
 43                0
 44                0
 45               80
 46                0
 47               19
 48              196
 49              246
 50                0
 51              102
 52                0
 53            17846
 54                0
 55              176
 56               10
 57                0
 58                0
 59                0
 60                0
 61                0
 62                0
 63                0
 64                0
 65                0
 66                0
 67                0
 68                0
 69                0
 70                0
 71                0
 72                0
 73                0
 74                0
 75                0
 76                0
 77                0
 78                0
 79                0
 80                0
 81                0
 82                0
 83                0
 84                0
 85                0
 86                0
 87                0
 88                0
 89                0
 90                0
 91                0
 92                0
 93                0
 94                0
 95                0
 96                0
 97                0
 98              518
 99                0
