  x pennsy~1            
  x         11853450
  0          6514916
  1              202
  2               55
  3                0
  4               65
  5               76
  6             1575
  7                0
  8              190
  9              816
 10            21188
 11             1621
 12             1503
 13              831
 14                0
 15              120
 16                0
 17              900
 18              737
 19               79
 20              174
 21              241
 22              166
 23              175
 24            31921
 25              995
 26              647
 27              199
 28              117
 29              360
 30               21
 31               87
 32               37
 33              107
 34           107381
 35                7
 36            29234
 37             1024
 38                7
 39            12063
 40               57
 41              109
 42          5108930
 43                0
 44               75
 45              515
 46                0
 47              364
 48             1045
 49               36
 50                0
 51             3512
 52                0
 53              250
 54             7170
 55              159
 56                0
 57                0
 58                0
 59                0
 60                0
 61                0
 62                0
 63                0
 64                0
 65                0
 66                0
 67                0
 68                0
 69                0
 70                0
 71                0
 72                0
 73                0
 74                0
 75                0
 76                0
 77                0
 78                0
 79                0
 80                0
 81                0
 82                0
 83                0
 84                0
 85                0
 86                0
 87                0
 88                0
 89                0
 90                0
 91                0
 92                0
 93                0
 94                0
 95                0
 96                0
 97                0
 98             1391
 99                0
