  x rhode-~1            
  x          1002334
  0           523298
  1               49
  2               23
  3                0
  4                0
  5                0
  6              114
  7                0
  8                0
  9             9153
 10                0
 11               60
 12               95
 13              204
 14                0
 15               15
 16                0
 17               57
 18                0
 19                0
 20               16
 21                0
 22                0
 23              136
 24               18
 25            45365
 26               23
 27               28
 28                0
 29               36
 30                0
 31               65
 32                0
 33              182
 34              132
 35                0
 36              601
 37               52
 38               23
 39               38
 40                0
 41                0
 42               72
 43                0
 44           422025
 45               49
 46                0
 47                0
 48               21
 49                0
 50              112
 51              181
 52                0
 53                0
 54                0
 55                0
 56                0
 57                0
 58                0
 59                0
 60                0
 61                0
 62                0
 63                0
 64                0
 65                0
 66                0
 67                0
 68                0
 69                0
 70                0
 71                0
 72                0
 73                0
 74                0
 75                0
 76                0
 77                0
 78                0
 79                0
 80                0
 81                0
 82                0
 83                0
 84                0
 85                0
 86                0
 87                0
 88                0
 89                0
 90                0
 91                0
 92                0
 93                0
 94                0
 95                0
 96                0
 97                0
 98               91
 99                0
