  x south-~2            
  x          3480936
  0          1849878
  1              297
  2               18
  3                0
  4               60
  5               36
  6              318
  7                0
  8               93
  9              126
 10               69
 11              165
 12             1239
 13            17454
 14                0
 15               90
 16                0
 17              474
 18               24
 19               57
 20               30
 21              126
 22              126
 23               27
 24              171
 25              189
 26               69
 27              132
 28               90
 29               42
 30               15
 31               24
 32               39
 33                0
 34              273
 35               36
 36              615
 37            40143
 38                0
 39              228
 40              147
 41                0
 42              327
 43                0
 44               27
 45          1563576
 46               18
 47              270
 48              381
 49               21
 50                0
 51             1026
 52                0
 53              144
 54               63
 55               96
 56                0
 57                0
 58                0
 59                0
 60                0
 61                0
 62                0
 63                0
 64                0
 65                0
 66                0
 67                0
 68                0
 69                0
 70                0
 71                0
 72                0
 73                0
 74                0
 75                0
 76                0
 77                0
 78                0
 79                0
 80                0
 81                0
 82                0
 83                0
 84                0
 85                0
 86                0
 87                0
 88                0
 89                0
 90                0
 91                0
 92                0
 93                0
 94                0
 95                0
 96                0
 97                0
 98             2067
 99                0
