  x south-~1            
  x           693206
  0           368679
  1                0
  2               24
  3                0
  4               43
  5               38
  6              159
  7                0
  8               78
  9                0
 10                0
 11                0
 12                0
 13               29
 14                0
 15                0
 16                0
 17                0
 18               34
 19             1598
 20               86
 21                0
 22                0
 23                0
 24                0
 25               18
 26                9
 27             1380
 28                0
 29               52
 30               48
 31              878
 32               13
 33                0
 34                0
 35                0
 36               24
 37                0
 38              620
 39               53
 40                0
 41               10
 42                0
 43                0
 44                0
 45                0
 46           318516
 47                0
 48              193
 49                0
 50                0
 51                0
 52                0
 53               67
 54                0
 55               38
 56              424
 57                0
 58                0
 59                0
 60                0
 61                0
 62                0
 63                0
 64                0
 65                0
 66                0
 67                0
 68                0
 69                0
 70                0
 71                0
 72                0
 73                0
 74                0
 75                0
 76                0
 77                0
 78                0
 79                0
 80                0
 81                0
 82                0
 83                0
 84                0
 85                0
 86                0
 87                0
 88                0
 89                0
 90                0
 91                0
 92                0
 93                0
 94                0
 95                0
 96                0
 97                0
 98               95
 99                0
