  x tennes~1            
  x          4861437
  0          2619519
  1             8280
  2               75
  3                0
  4              138
  5             2382
  6              879
  7                0
  8              153
  9               96
 10               51
 11              108
 12             1017
 13            11970
 14                0
 15               36
 16               18
 17              774
 18              825
 19              153
 20              111
 21            19320
 22              642
 23                6
 24              243
 25               96
 26              483
 27              276
 28             8394
 29              519
 30                0
 31              120
 32              117
 33               21
 34               57
 35               54
 36              603
 37             3444
 38                0
 39              669
 40              126
 41               21
 42              204
 43                0
 44                0
 45             1068
 46                0
 47          2167530
 48              804
 49               18
 50                0
 51             9153
 52                0
 53              108
 54              114
 55              219
 56                0
 57                0
 58                0
 59                0
 60                0
 61                0
 62                0
 63                0
 64                0
 65                0
 66                0
 67                0
 68                0
 69                0
 70                0
 71                0
 72                0
 73                0
 74                0
 75                0
 76                0
 77                0
 78                0
 79                0
 80                0
 81                0
 82                0
 83                0
 84                0
 85                0
 86                0
 87                0
 88                0
 89                0
 90                0
 91                0
 92                0
 93                0
 94                0
 95                0
 96                0
 97                0
 98              423
 99                0
