  x texas               
  x         16763610
  0          9237172
  1              814
  2              310
  3                0
  4             1198
  5             7232
  6             4994
  7                0
  8             1022
  9              263
 10               58
 11              530
 12             2561
 13             1543
 14                0
 15              596
 16               96
 17             1806
 18              574
 19              330
 20              779
 21              304
 22             8800
 23               75
 24              711
 25              503
 26              740
 27              528
 28              558
 29             1354
 30               39
 31              543
 32              610
 33               72
 34              783
 35             6981
 36             1368
 37              943
 38               34
 39             1014
 40             4094
 41              134
 42             1066
 43                0
 44               43
 45              775
 46                0
 47              907
 48          7459209
 49              128
 50                0
 51             1167
 52                0
 53              559
 54               95
 55              227
 56              226
 57                0
 58                0
 59                0
 60                0
 61                0
 62                0
 63                0
 64                0
 65                0
 66                0
 67                0
 68                0
 69                0
 70                0
 71                0
 72                0
 73                0
 74                0
 75                0
 76                0
 77                0
 78                0
 79                0
 80                0
 81                0
 82                0
 83                0
 84                0
 85                0
 86                0
 87                0
 88                0
 89                0
 90                0
 91                0
 92                0
 93                0
 94                0
 95                0
 96                0
 97                0
 98             7142
 99                0
