  x utah                
  x          1721828
  0           987951
  1               21
  2              119
  3                0
  4             1169
  5                0
  6             1788
  7                0
  8              480
  9               20
 10               27
 11              104
 12               21
 13               67
 14                0
 15               86
 16              847
 17              105
 18               47
 19               21
 20                0
 21               20
 22               24
 23                0
 24               63
 25               51
 26               30
 27               27
 28               24
 29               81
 30              140
 31               83
 32             2150
 33                0
 34               11
 35              208
 36              103
 37               24
 38                0
 39              114
 40               30
 41              101
 42               27
 43                0
 44                0
 45                0
 46                0
 47                7
 48              284
 49           723681
 50                0
 51               74
 52                0
 53              330
 54                0
 55               64
 56              764
 57                0
 58                0
 59                0
 60                0
 61                0
 62                0
 63                0
 64                0
 65                0
 66                0
 67                0
 68                0
 69                0
 70                0
 71                0
 72                0
 73                0
 74                0
 75                0
 76                0
 77                0
 78                0
 79                0
 80                0
 81                0
 82                0
 83                0
 84                0
 85                0
 86                0
 87                0
 88                0
 89                0
 90                0
 91                0
 92                0
 93                0
 94                0
 95                0
 96                0
 97                0
 98              440
 99                0
