  x virginia            
  x          6181215
  0          3030855
  1              504
  2               93
  3                0
  4              234
  5               45
  6             1557
  7                0
  8              363
  9              405
 10              219
 11           192627
 12             1614
 13             1155
 14                0
 15              114
 16               36
 17              483
 18              279
 19               24
 20               72
 21             1842
 22              246
 23              228
 24            49044
 25              615
 26              252
 27              129
 28               42
 29              246
 30               21
 31               21
 32               54
 33               84
 34             1155
 35              102
 36             3501
 37            13383
 38               30
 39              570
 40              102
 41               66
 42             1524
 43                0
 44              201
 45              987
 46               18
 47            10284
 48              906
 49              114
 50               51
 51          2852073
 52                0
 53              276
 54             6090
 55              201
 56                0
 57                0
 58                0
 59                0
 60                0
 61                0
 62                0
 63                0
 64                0
 65                0
 66                0
 67                0
 68                0
 69                0
 70                0
 71                0
 72                0
 73                0
 74                0
 75                0
 76                0
 77                0
 78                0
 79                0
 80                0
 81                0
 82                0
 83                0
 84                0
 85                0
 86                0
 87                0
 88                0
 89                0
 90                0
 91                0
 92                0
 93                0
 94                0
 95                0
 96                0
 97                0
 98             6078
 99                0
