  x washin~1            
  x          4841964
  0          2549571
  1              162
  2             3495
  3                0
  4              531
  5                0
  6             3471
  7                0
  8              303
  9               42
 10                0
 11              108
 12              180
 13              123
 14                0
 15              462
 16             6768
 17              330
 18              135
 19                0
 20               69
 21              132
 22               78
 23                0
 24              126
 25               90
 26              150
 27              228
 28               27
 29              162
 30              327
 31               87
 32              450
 33                0
 34              234
 35               15
 36              198
 37              111
 38               51
 39               90
 40               57
 41            41604
 42              171
 43                0
 44               18
 45              135
 46               51
 47               60
 48              414
 49              387
 50               21
 51              198
 52                0
 53          2227884
 54                0
 55               33
 56               27
 57                0
 58                0
 59                0
 60                0
 61                0
 62                0
 63                0
 64                0
 65                0
 66                0
 67                0
 68                0
 69                0
 70                0
 71                0
 72                0
 73                0
 74                0
 75                0
 76                0
 77                0
 78                0
 79                0
 80                0
 81                0
 82                0
 83                0
 84                0
 85                0
 86                0
 87                0
 88                0
 89                0
 90                0
 91                0
 92                0
 93                0
 94                0
 95                0
 96                0
 97                0
 98             2598
 99                0
