  x west-v~1            
  x          1785999
  0          1132742
  1               78
  2                0
  3                0
  4                0
  5               39
  6              104
  7                0
  8               32
  9               83
 10                0
 11             1094
 12              194
 13               62
 14                0
 15               25
 16                0
 17              106
 18              207
 19               48
 20                0
 21             3943
 22                4
 23                0
 24            14648
 25               32
 26               82
 27               32
 28               18
 29              154
 30                0
 31                0
 32                0
 33                0
 34              266
 35                0
 36              130
 37              631
 38                0
 39            15191
 40               62
 41                0
 42             4679
 43                0
 44                0
 45              249
 46                0
 47              154
 48              114
 49               36
 50                0
 51            20925
 52                0
 53               14
 54           589694
 55               33
 56                0
 57                0
 58                0
 59                0
 60                0
 61                0
 62                0
 63                0
 64                0
 65                0
 66                0
 67                0
 68                0
 69                0
 70                0
 71                0
 72                0
 73                0
 74                0
 75                0
 76                0
 77                0
 78                0
 79                0
 80                0
 81                0
 82                0
 83                0
 84                0
 85                0
 86                0
 87                0
 88                0
 89                0
 90                0
 91                0
 92                0
 93                0
 94                0
 95                0
 96                0
 97                0
 98               94
 99                0
