  x wiscon~1            
  x          4881441
  0          2533950
  1               72
  2               38
  3                0
  4               53
  5               87
  6              512
  7                0
  8              291
  9               37
 10               10
 11               68
 12              388
 13              281
 14                0
 15                0
 16               53
 17            32445
 18              434
 19             3679
 20              125
 21              179
 22               67
 23                0
 24               72
 25               14
 26             5068
 27            29375
 28                9
 29              178
 30                0
 31              143
 32               49
 33                0
 34               86
 35               28
 36              298
 37              149
 38               52
 39              279
 40               77
 41               19
 42               86
 43                0
 44                0
 45               75
 46               48
 47               88
 48              179
 49               39
 50               10
 51              232
 52                0
 53               37
 54                0
 55          2271552
 56               14
 57                0
 58                0
 59                0
 60                0
 61                0
 62                0
 63                0
 64                0
 65                0
 66                0
 67                0
 68                0
 69                0
 70                0
 71                0
 72                0
 73                0
 74                0
 75                0
 76                0
 77                0
 78                0
 79                0
 80                0
 81                0
 82                0
 83                0
 84                0
 85                0
 86                0
 87                0
 88                0
 89                0
 90                0
 91                0
 92                0
 93                0
 94                0
 95                0
 96                0
 97                0
 98              416
 99                0
