  x wyoming             
  x           453189
  0           245624
  1                0
  2               59
  3                0
  4               18
  5                0
  6              184
  7                0
  8              806
  9                0
 10                0
 11                0
 12               54
 13               39
 14                0
 15                0
 16              258
 17              127
 18                0
 19               46
 20                0
 21                0
 22                0
 23               29
 24                0
 25                0
 26                0
 27                7
 28                0
 29               61
 30              807
 31              561
 32              146
 33                7
 34                0
 35               46
 36               22
 37                8
 38              134
 39                7
 40               39
 41               39
 42                0
 43                0
 44                0
 45                0
 46              194
 47                0
 48              122
 49              273
 50                0
 51                0
 52                0
 53               40
 54               18
 55               11
 56           203311
 57                0
 58                0
 59                0
 60                0
 61                0
 62                0
 63                0
 64                0
 65                0
 66                0
 67                0
 68                0
 69                0
 70                0
 71                0
 72                0
 73                0
 74                0
 75                0
 76                0
 77                0
 78                0
 79                0
 80                0
 81                0
 82                0
 83                0
 84                0
 85                0
 86                0
 87                0
 88                0
 89                0
 90                0
 91                0
 92                0
 93                0
 94                0
 95                0
 96                0
 97                0
 98               92
 99                0
